<?xml version="1.0" encoding="UTF-8"?>
<coverage generated="1706559642234" clover="3.2.0">
  <project timestamp="1706559642234" name="All files">
    <metrics statements="8" coveredstatements="8" conditionals="10" coveredconditionals="10" methods="5" coveredmethods="5" elements="23" coveredelements="23" complexity="0" loc="8" ncloc="8" packages="2" files="2" classes="2"/>
    <package name="formatters">
      <metrics statements="5" coveredstatements="5" conditionals="10" coveredconditionals="10" methods="2" coveredmethods="2"/>
      <file name="index.ts" path="/home/lucas/projects/contasapagar/front/src/utils/formatters/index.ts">
        <metrics statements="5" coveredstatements="5" conditionals="10" coveredconditionals="10" methods="2" coveredmethods="2"/>
        <line num="1" count="1" type="stmt"/>
        <line num="3" count="1" type="stmt"/>
        <line num="5" count="2" type="cond" truecount="4" falsecount="0"/>
        <line num="11" count="2" type="cond" truecount="4" falsecount="0"/>
        <line num="15" count="1" type="stmt"/>
      </file>
    </package>
    <package name="validators">
      <metrics statements="3" coveredstatements="3" conditionals="0" coveredconditionals="0" methods="3" coveredmethods="3"/>
      <file name="index.ts" path="/home/lucas/projects/contasapagar/front/src/utils/validators/index.ts">
        <metrics statements="3" coveredstatements="3" conditionals="0" coveredconditionals="0" methods="3" coveredmethods="3"/>
        <line num="5" count="4" type="stmt"/>
        <line num="9" count="4" type="stmt"/>
        <line num="13" count="2" type="stmt"/>
      </file>
    </package>
  </project>
</coverage>
