<?xml version="1.0" encoding="UTF-8"?>
<coverage generated="1706559246614" clover="3.2.0">
  <project timestamp="1706559246614" name="All files">
    <metrics statements="7" coveredstatements="7" conditionals="5" coveredconditionals="3" methods="4" coveredmethods="4" elements="16" coveredelements="14" complexity="0" loc="7" ncloc="7" packages="2" files="2" classes="2"/>
    <package name="formatters">
      <metrics statements="4" coveredstatements="4" conditionals="5" coveredconditionals="3" methods="1" coveredmethods="1"/>
      <file name="index.ts" path="/home/lucas/projects/contasapagar/front/src/utils/formatters/index.ts">
        <metrics statements="4" coveredstatements="4" conditionals="5" coveredconditionals="3" methods="1" coveredmethods="1"/>
        <line num="1" count="1" type="stmt"/>
        <line num="3" count="1" type="stmt"/>
        <line num="5" count="1" type="cond" truecount="2" falsecount="2"/>
        <line num="11" count="1" type="stmt"/>
      </file>
    </package>
    <package name="validators">
      <metrics statements="3" coveredstatements="3" conditionals="0" coveredconditionals="0" methods="3" coveredmethods="3"/>
      <file name="index.ts" path="/home/lucas/projects/contasapagar/front/src/utils/validators/index.ts">
        <metrics statements="3" coveredstatements="3" conditionals="0" coveredconditionals="0" methods="3" coveredmethods="3"/>
        <line num="5" count="3" type="stmt"/>
        <line num="9" count="2" type="stmt"/>
        <line num="13" count="2" type="stmt"/>
      </file>
    </package>
  </project>
</coverage>
