{"/home/lucas/projects/contasapagar/front/src/utils/formatters/index.ts": {"path":"/home/lucas/projects/contasapagar/front/src/utils/formatters/index.ts","statementMap":{"0":{"start":{"line":1,"column":0},"end":{"line":1,"column":37}},"1":{"start":{"line":5,"column":4},"end":{"line":7,"column":null}},"2":{"start":{"line":11,"column":4},"end":{"line":11,"column":null}},"3":{"start":{"line":3,"column":0},"end":{"line":3,"column":13}},"4":{"start":{"line":15,"column":0},"end":{"line":15,"column":null}}},"fnMap":{"0":{"name":"(anonymous_0)","decl":{"start":{"line":4,"column":2},"end":{"line":4,"column":25}},"loc":{"start":{"line":4,"column":55},"end":{"line":8,"column":3}}},"1":{"name":"(anonymous_1)","decl":{"start":{"line":10,"column":2},"end":{"line":10,"column":17}},"loc":{"start":{"line":10,"column":46},"end":{"line":12,"column":3}}}},"branchMap":{"0":{"loc":{"start":{"line":4,"column":38},"end":{"line":4,"column":55}},"type":"default-arg","locations":[{"start":{"line":4,"column":52},"end":{"line":4,"column":55}}]},"1":{"loc":{"start":{"line":5,"column":11},"end":{"line":7,"column":19}},"type":"cond-expr","locations":[{"start":{"line":6,"column":8},"end":{"line":6,"column":28}},{"start":{"line":7,"column":8},"end":{"line":7,"column":19}}]},"2":{"loc":{"start":{"line":5,"column":11},"end":{"line":5,"column":52}},"type":"binary-expr","locations":[{"start":{"line":5,"column":11},"end":{"line":5,"column":36}},{"start":{"line":5,"column":40},"end":{"line":5,"column":52}}]},"3":{"loc":{"start":{"line":10,"column":30},"end":{"line":10,"column":46}},"type":"default-arg","locations":[{"start":{"line":10,"column":45},"end":{"line":10,"column":46}}]},"4":{"loc":{"start":{"line":11,"column":11},"end":{"line":11,"column":72}},"type":"cond-expr","locations":[{"start":{"line":11,"column":52},"end":{"line":11,"column":57}},{"start":{"line":11,"column":60},"end":{"line":11,"column":72}}]},"5":{"loc":{"start":{"line":11,"column":11},"end":{"line":11,"column":49}},"type":"binary-expr","locations":[{"start":{"line":11,"column":11},"end":{"line":11,"column":36}},{"start":{"line":11,"column":40},"end":{"line":11,"column":49}}]}},"s":{"0":1,"1":2,"2":2,"3":1,"4":1},"f":{"0":2,"1":2},"b":{"0":[2],"1":[1,1],"2":[2,1],"3":[1],"4":[1,1],"5":[2,1]}}
,"/home/lucas/projects/contasapagar/front/src/utils/validators/index.ts": {"path":"/home/lucas/projects/contasapagar/front/src/utils/validators/index.ts","statementMap":{"0":{"start":{"line":5,"column":4},"end":{"line":5,"column":null}},"1":{"start":{"line":9,"column":4},"end":{"line":9,"column":null}},"2":{"start":{"line":13,"column":0},"end":{"line":13,"column":null}}},"fnMap":{"0":{"name":"(anonymous_0)","decl":{"start":{"line":2,"column":2},"end":{"line":2,"column":17}},"loc":{"start":{"line":2,"column":2},"end":{"line":2,"column":18}}},"1":{"name":"(anonymous_1)","decl":{"start":{"line":4,"column":2},"end":{"line":4,"column":10}},"loc":{"start":{"line":4,"column":21},"end":{"line":6,"column":3}}},"2":{"name":"(anonymous_2)","decl":{"start":{"line":8,"column":2},"end":{"line":8,"column":10}},"loc":{"start":{"line":8,"column":21},"end":{"line":10,"column":3}}}},"branchMap":{},"s":{"0":4,"1":4,"2":2},"f":{"0":2,"1":4,"2":4},"b":{}}
}
