TN:
SF:src/utils/formatters/index.ts
FN:4,(anonymous_0)
FN:10,(anonymous_1)
FNF:2
FNH:2
FNDA:2,(anonymous_0)
FNDA:2,(anonymous_1)
DA:1,1
DA:3,1
DA:5,2
DA:11,2
DA:15,1
LF:5
LH:5
BRDA:4,0,0,2
BRDA:5,1,0,1
BRDA:5,1,1,1
BRDA:5,2,0,2
BRDA:5,2,1,1
BRDA:10,3,0,1
BRDA:11,4,0,1
BRDA:11,4,1,1
BRDA:11,5,0,2
BRDA:11,5,1,1
BRF:10
BRH:10
end_of_record
TN:
SF:src/utils/validators/index.ts
FN:2,(anonymous_0)
FN:4,(anonymous_1)
FN:8,(anonymous_2)
FNF:3
FNH:3
FNDA:2,(anonymous_0)
FNDA:4,(anonymous_1)
FNDA:4,(anonymous_2)
DA:5,4
DA:9,4
DA:13,2
LF:3
LH:3
BRF:0
BRH:0
end_of_record
